#
# There is insufficient memory for the Java Runtime Environment to continue.
# Native memory allocation (mmap) failed to map 1073741824 bytes for G1 virtual space
# Possible reasons:
#   The system is out of physical RAM or swap space
#   The process is running with CompressedOops enabled, and the Java Heap may be blocking the growth of the native heap
# Possible solutions:
#   Reduce memory load on the system
#   Increase physical memory or swap space
#   Check if swap backing store is full
#   Decrease Java heap size (-Xmx/-Xms)
#   Decrease number of Java threads
#   Decrease Java thread stack sizes (-Xss)
#   Set larger code cache with -XX:ReservedCodeCacheSize=
#   JVM is running with Zero Based Compressed Oops mode in which the Java heap is
#     placed in the first 32GB address space. The Java Heap base address is the
#     maximum limit for the native heap growth. Please use -XX:HeapBaseMinAddress
#     to set the Java Heap base and to place the Java Heap above 32GB virtual address.
# This output file may be truncated or incomplete.
#
#  Out of Memory Error (os_windows.cpp:3603), pid=6844, tid=7280
#
# JRE version: Java(TM) SE Runtime Environment (21.0.6+8) (build 21.0.6+8-LTS-188)
# Java VM: Java HotSpot(TM) 64-Bit Server VM (21.0.6+8-LTS-188, mixed mode, sharing, tiered, compressed oops, compressed class ptrs, g1 gc, windows-amd64)
# No core dump will be written. Minidumps are not enabled by default on client versions of Windows
#

---------------  S U M M A R Y ------------

Command Line: --add-opens=java.base/java.lang=ALL-UNNAMED --add-opens=java.base/java.lang.invoke=ALL-UNNAMED --add-opens=java.base/java.util=ALL-UNNAMED --add-opens=java.prefs/java.util.prefs=ALL-UNNAMED --add-exports=jdk.compiler/com.sun.tools.javac.api=ALL-UNNAMED --add-exports=jdk.compiler/com.sun.tools.javac.util=ALL-UNNAMED --add-opens=java.base/java.util=ALL-UNNAMED --add-opens=java.prefs/java.util.prefs=ALL-UNNAMED --add-opens=java.base/java.nio.charset=ALL-UNNAMED --add-opens=java.base/java.net=ALL-UNNAMED --add-opens=java.base/java.util.concurrent.atomic=ALL-UNNAMED --add-opens=java.xml/javax.xml.namespace=ALL-UNNAMED -Xmx5G -Dfile.encoding=UTF-8 -Duser.country=IN -Duser.language=en -Duser.variant -javaagent:C:\Users\Abhin\.gradle\wrapper\dists\gradle-8.12.1-bin\eumc4uhoysa37zql93vfjkxy0\gradle-8.12.1\lib\agents\gradle-instrumentation-agent-8.12.1.jar org.gradle.launcher.daemon.bootstrap.GradleDaemon 8.12.1

Host: Intel(R) Pentium(R) CPU G3240 @ 3.10GHz, 2 cores, 7G,  Windows 10 , 64 bit Build 19041 (10.0.19041.3031)
Time: Fri Jun 27 13:09:07 2025 India Standard Time elapsed time: 44.365764 seconds (0d 0h 0m 44s)

---------------  T H R E A D  ---------------

Current thread (0x00000295468d8cd0):  VMThread "VM Thread"          [id=7280, stack(0x000000bda5a00000,0x000000bda5b00000) (1024K)]

Stack: [0x000000bda5a00000,0x000000bda5b00000]
Native frames: (J=compiled Java code, j=interpreted, Vv=VM code, C=native code)
V  [jvm.dll+0x6ca6d9]
V  [jvm.dll+0x854f51]
V  [jvm.dll+0x85747e]
V  [jvm.dll+0x857b53]
V  [jvm.dll+0x27dcc6]
V  [jvm.dll+0x6c6e55]
V  [jvm.dll+0x6bb9da]
V  [jvm.dll+0x35393a]
V  [jvm.dll+0x35b596]
V  [jvm.dll+0x3adefe]
V  [jvm.dll+0x3ae1a8]
V  [jvm.dll+0x327cbc]
V  [jvm.dll+0x327d47]
V  [jvm.dll+0x36c60c]
V  [jvm.dll+0x36ae5e]
V  [jvm.dll+0x327481]
V  [jvm.dll+0x36a57a]
V  [jvm.dll+0x85d920]
V  [jvm.dll+0x85eca4]
V  [jvm.dll+0x85f1e0]
V  [jvm.dll+0x85f483]
V  [jvm.dll+0x7ff2fb]
V  [jvm.dll+0x6c8dbd]
C  [ucrtbase.dll+0x21bb2]
C  [KERNEL32.DLL+0x17614]
C  [ntdll.dll+0x526f1]

VM_Operation (0x000000bda89f97a0): G1CollectForAllocation, mode: safepoint, requested by thread 0x0000029590e4d2c0


---------------  P R O C E S S  ---------------

Threads class SMR info:
_java_thread_list=0x0000029591a22620, length=49, elements={
0x0000029524eeab30, 0x00000295468f1e60, 0x00000295468f4e70, 0x00000295468f78d0,
0x00000295468f8320, 0x00000295468f8d70, 0x00000295468f97c0, 0x00000295468fa540,
0x00000295469653c0, 0x00000295468cceb0, 0x0000029546b7b960, 0x000002958d40def0,
0x000002958c97b3a0, 0x0000029546e1d3f0, 0x0000029546e10560, 0x0000029546d6c340,
0x0000029546d57010, 0x0000029546d6d340, 0x000002958ca3b5f0, 0x000002958ca3bc80,
0x000002958ca3c310, 0x000002958ca3c9a0, 0x000002958ca3d030, 0x000002958ca3d6c0,
0x000002958ca3e3e0, 0x000002958ca3dd50, 0x000002958ca3af60, 0x000002958dc74f30,
0x000002958dc755c0, 0x000002958dc78a40, 0x000002958dc790d0, 0x000002958dc74210,
0x000002958dc79760, 0x000002958dc76970, 0x000002958dc77000, 0x000002958dc79df0,
0x000002958dc7a480, 0x000002958dc7ab10, 0x000002958dc77690, 0x000002958dc77d20,
0x000002958dc7b1a0, 0x000002958dc748a0, 0x000002958dc783b0, 0x0000029590e4cc30,
0x0000029590e4bf10, 0x0000029590e4c5a0, 0x0000029590e4d2c0, 0x0000029590e4fa20,
0x0000029590e4f390
}

Java Threads: ( => current thread )
  0x0000029524eeab30 JavaThread "main"                              [_thread_blocked, id=8268, stack(0x000000bda5300000,0x000000bda5400000) (1024K)]
  0x00000295468f1e60 JavaThread "Reference Handler"          daemon [_thread_blocked, id=5792, stack(0x000000bda5b00000,0x000000bda5c00000) (1024K)]
  0x00000295468f4e70 JavaThread "Finalizer"                  daemon [_thread_blocked, id=4272, stack(0x000000bda5c00000,0x000000bda5d00000) (1024K)]
  0x00000295468f78d0 JavaThread "Signal Dispatcher"          daemon [_thread_blocked, id=4820, stack(0x000000bda5d00000,0x000000bda5e00000) (1024K)]
  0x00000295468f8320 JavaThread "Attach Listener"            daemon [_thread_blocked, id=2040, stack(0x000000bda5e00000,0x000000bda5f00000) (1024K)]
  0x00000295468f8d70 JavaThread "Service Thread"             daemon [_thread_blocked, id=4052, stack(0x000000bda5f00000,0x000000bda6000000) (1024K)]
  0x00000295468f97c0 JavaThread "Monitor Deflation Thread"   daemon [_thread_blocked, id=7880, stack(0x000000bda6000000,0x000000bda6100000) (1024K)]
  0x00000295468fa540 JavaThread "C2 CompilerThread0"         daemon [_thread_blocked, id=5052, stack(0x000000bda6100000,0x000000bda6200000) (1024K)]
  0x00000295469653c0 JavaThread "C1 CompilerThread0"         daemon [_thread_blocked, id=7800, stack(0x000000bda6200000,0x000000bda6300000) (1024K)]
  0x00000295468cceb0 JavaThread "Common-Cleaner"             daemon [_thread_blocked, id=6152, stack(0x000000bda6300000,0x000000bda6400000) (1024K)]
  0x0000029546b7b960 JavaThread "Notification Thread"        daemon [_thread_blocked, id=7992, stack(0x000000bda6400000,0x000000bda6500000) (1024K)]
  0x000002958d40def0 JavaThread "Daemon health stats"               [_thread_blocked, id=8088, stack(0x000000bda6600000,0x000000bda6700000) (1024K)]
  0x000002958c97b3a0 JavaThread "Incoming local TCP Connector on port 57014"        [_thread_in_native, id=2292, stack(0x000000bda6700000,0x000000bda6800000) (1024K)]
  0x0000029546e1d3f0 JavaThread "Daemon periodic checks"            [_thread_blocked, id=7916, stack(0x000000bda6800000,0x000000bda6900000) (1024K)]
  0x0000029546e10560 JavaThread "Daemon"                            [_thread_blocked, id=7700, stack(0x000000bda6900000,0x000000bda6a00000) (1024K)]
  0x0000029546d6c340 JavaThread "Handler for socket connection from /127.0.0.1:57014 to /127.0.0.1:57015"        [_thread_in_native, id=8952, stack(0x000000bda6a00000,0x000000bda6b00000) (1024K)]
  0x0000029546d57010 JavaThread "Cancel handler"                    [_thread_blocked, id=3092, stack(0x000000bda6b00000,0x000000bda6c00000) (1024K)]
  0x0000029546d6d340 JavaThread "Daemon worker"                     [_thread_blocked, id=7924, stack(0x000000bda6c00000,0x000000bda6d00000) (1024K)]
  0x000002958ca3b5f0 JavaThread "Asynchronous log dispatcher for DefaultDaemonConnection: socket connection from /127.0.0.1:57014 to /127.0.0.1:57015"        [_thread_blocked, id=6824, stack(0x000000bda6d00000,0x000000bda6e00000) (1024K)]
  0x000002958ca3bc80 JavaThread "Stdin handler"                     [_thread_blocked, id=8152, stack(0x000000bda6e00000,0x000000bda6f00000) (1024K)]
  0x000002958ca3c310 JavaThread "Daemon client event forwarder"        [_thread_blocked, id=8172, stack(0x000000bda6f00000,0x000000bda7000000) (1024K)]
  0x000002958ca3c9a0 JavaThread "Cache worker for journal cache (C:\Users\Abhin\.gradle\caches\journal-1)"        [_thread_blocked, id=7580, stack(0x000000bda7000000,0x000000bda7100000) (1024K)]
  0x000002958ca3d030 JavaThread "File lock request listener"        [_thread_in_native, id=9744, stack(0x000000bda7100000,0x000000bda7200000) (1024K)]
  0x000002958ca3d6c0 JavaThread "Cache worker for file hash cache (C:\Users\Abhin\.gradle\caches\8.12.1\fileHashes)"        [_thread_blocked, id=5736, stack(0x000000bda7200000,0x000000bda7300000) (1024K)]
  0x000002958ca3e3e0 JavaThread "Cache worker for file hash cache (C:\Users\Abhin\IdeaProjects\Forge Mods\testmod\.gradle\8.12.1\fileHashes)"        [_thread_blocked, id=940, stack(0x000000bda7300000,0x000000bda7400000) (1024K)]
  0x000002958ca3dd50 JavaThread "Cache worker for Build Output Cleanup Cache (C:\Users\Abhin\IdeaProjects\Forge Mods\testmod\.gradle\buildOutputCleanup)"        [_thread_blocked, id=4152, stack(0x000000bda7400000,0x000000bda7500000) (1024K)]
  0x000002958ca3af60 JavaThread "File watcher server"        daemon [_thread_blocked, id=884, stack(0x000000bda7500000,0x000000bda7600000) (1024K)]
  0x000002958dc74f30 JavaThread "File watcher consumer"      daemon [_thread_blocked, id=860, stack(0x000000bda7600000,0x000000bda7700000) (1024K)]
  0x000002958dc755c0 JavaThread "jar transforms"                    [_thread_blocked, id=6084, stack(0x000000bda7700000,0x000000bda7800000) (1024K)]
  0x000002958dc78a40 JavaThread "jar transforms Thread 2"           [_thread_blocked, id=5168, stack(0x000000bda7800000,0x000000bda7900000) (1024K)]
  0x000002958dc790d0 JavaThread "Cache worker for checksums cache (C:\Users\Abhin\IdeaProjects\Forge Mods\testmod\.gradle\8.12.1\checksums)"        [_thread_blocked, id=9912, stack(0x000000bda7900000,0x000000bda7a00000) (1024K)]
  0x000002958dc74210 JavaThread "Cache worker for file content cache (C:\Users\Abhin\.gradle\caches\8.12.1\fileContent)"        [_thread_blocked, id=8376, stack(0x000000bda7a00000,0x000000bda7b00000) (1024K)]
  0x000002958dc79760 JavaThread "Cache worker for cache directory md-rule (C:\Users\Abhin\.gradle\caches\8.12.1\md-rule)"        [_thread_blocked, id=6716, stack(0x000000bda7b00000,0x000000bda7c00000) (1024K)]
  0x000002958dc76970 JavaThread "Cache worker for cache directory md-supplier (C:\Users\Abhin\.gradle\caches\8.12.1\md-supplier)"        [_thread_blocked, id=8544, stack(0x000000bda7c00000,0x000000bda7d00000) (1024K)]
  0x000002958dc77000 JavaThread "Unconstrained build operations"        [_thread_blocked, id=4100, stack(0x000000bda7d00000,0x000000bda7e00000) (1024K)]
  0x000002958dc79df0 JavaThread "Unconstrained build operations Thread 2"        [_thread_blocked, id=9840, stack(0x000000bda7e00000,0x000000bda7f00000) (1024K)]
  0x000002958dc7a480 JavaThread "Unconstrained build operations Thread 3"        [_thread_blocked, id=9948, stack(0x000000bda7f00000,0x000000bda8000000) (1024K)]
  0x000002958dc7ab10 JavaThread "Unconstrained build operations Thread 4"        [_thread_blocked, id=4384, stack(0x000000bda8000000,0x000000bda8100000) (1024K)]
  0x000002958dc77690 JavaThread "Unconstrained build operations Thread 5"        [_thread_blocked, id=10236, stack(0x000000bda8100000,0x000000bda8200000) (1024K)]
  0x000002958dc77d20 JavaThread "Unconstrained build operations Thread 6"        [_thread_blocked, id=8452, stack(0x000000bda8200000,0x000000bda8300000) (1024K)]
  0x000002958dc7b1a0 JavaThread "Unconstrained build operations Thread 7"        [_thread_blocked, id=7664, stack(0x000000bda8300000,0x000000bda8400000) (1024K)]
  0x000002958dc748a0 JavaThread "Unconstrained build operations Thread 8"        [_thread_blocked, id=9348, stack(0x000000bda8400000,0x000000bda8500000) (1024K)]
  0x000002958dc783b0 JavaThread "Unconstrained build operations Thread 9"        [_thread_blocked, id=5820, stack(0x000000bda8500000,0x000000bda8600000) (1024K)]
  0x0000029590e4cc30 JavaThread "Memory manager"                    [_thread_blocked, id=9960, stack(0x000000bda8600000,0x000000bda8700000) (1024K)]
  0x0000029590e4bf10 JavaThread "Problems report writer"            [_thread_blocked, id=7668, stack(0x000000bda8700000,0x000000bda8800000) (1024K)]
  0x0000029590e4c5a0 JavaThread "Unconstrained build operations Thread 10"        [_thread_blocked, id=3576, stack(0x000000bda8800000,0x000000bda8900000) (1024K)]
  0x0000029590e4d2c0 JavaThread "included builds"                   [_thread_blocked, id=7120, stack(0x000000bda8900000,0x000000bda8a00000) (1024K)]
  0x0000029590e4fa20 JavaThread "Execution worker"                  [_thread_blocked, id=3968, stack(0x000000bda8a00000,0x000000bda8b00000) (1024K)]
  0x0000029590e4f390 JavaThread "Cache worker for execution history cache (C:\Users\Abhin\IdeaProjects\Forge Mods\testmod\.gradle\8.12.1\executionHistory)"        [_thread_blocked, id=4116, stack(0x000000bda8b00000,0x000000bda8c00000) (1024K)]
Total: 49

Other Threads:
=>0x00000295468d8cd0 VMThread "VM Thread"                           [id=7280, stack(0x000000bda5a00000,0x000000bda5b00000) (1024K)]
  0x00000295251a7b10 WatcherThread "VM Periodic Task Thread"        [id=7104, stack(0x000000bda5900000,0x000000bda5a00000) (1024K)]
  0x0000029525158e20 WorkerThread "GC Thread#0"                     [id=9000, stack(0x000000bda5400000,0x000000bda5500000) (1024K)]
  0x0000029546cca230 WorkerThread "GC Thread#1"                     [id=6976, stack(0x000000bda6500000,0x000000bda6600000) (1024K)]
  0x0000029525163ca0 ConcurrentGCThread "G1 Main Marker"            [id=4456, stack(0x000000bda5500000,0x000000bda5600000) (1024K)]
  0x00000295251647f0 WorkerThread "G1 Conc#0"                       [id=5060, stack(0x000000bda5600000,0x000000bda5700000) (1024K)]
  0x0000029525198340 ConcurrentGCThread "G1 Refine#0"               [id=2712, stack(0x000000bda5700000,0x000000bda5800000) (1024K)]
  0x0000029525198f00 ConcurrentGCThread "G1 Service"                [id=7720, stack(0x000000bda5800000,0x000000bda5900000) (1024K)]
Total: 8

Threads with active compile tasks:
C2 CompilerThread0    44735 10774       4       net.minecraftforge.srgutils.MappingFile$Node::<init> (45 bytes)
Total: 1

VM state: at safepoint (normal execution)

VM Mutex/Monitor currently owned by a thread:  ([mutex/lock_event])
[0x00007ff8d4efde98] Threads_lock - owner thread: 0x00000295468d8cd0
[0x00007ff8d4efdf98] Heap_lock - owner thread: 0x0000029590e4d2c0

Heap address: 0x00000006c0000000, size: 5120 MB, Compressed Oops mode: Zero based, Oop shift amount: 3

CDS archive(s) mapped at: [0x0000029547000000-0x0000029547c90000-0x0000029547c90000), size 13172736, SharedBaseAddress: 0x0000029547000000, ArchiveRelocationMode: 1.
Compressed class space mapped at: 0x0000029548000000-0x0000029588000000, reserved size: 1073741824
Narrow klass base: 0x0000029547000000, Narrow klass shift: 0, Narrow klass range: 0x100000000

GC Precious Log:
 CardTable entry size: 512
 Card Set container configuration: InlinePtr #cards 4 size 8 Array Of Cards #cards 32 size 80 Howl #buckets 8 coarsen threshold 7372 Howl Bitmap #cards 1024 size 144 coarsen threshold 921 Card regions per heap region 1 cards per card region 8192
 CPUs: 2 total, 2 available
 Memory: 8063M
 Large Page Support: Disabled
 NUMA Support: Disabled
 Compressed Oops: Enabled (Zero based)
 Heap Region Size: 4M
 Heap Min Capacity: 8M
 Heap Initial Capacity: 128M
 Heap Max Capacity: 5G
 Pre-touch: Disabled
 Parallel Workers: 2
 Concurrent Workers: 1
 Concurrent Refinement Workers: 2
 Periodic GC: Disabled

Heap:
 garbage-first heap   total 524288K, used 329728K [0x00000006c0000000, 0x0000000800000000)
  region size 4096K, 4 young (16384K), 4 survivors (16384K)
 Metaspace       used 78425K, committed 80640K, reserved 1179648K
  class space    used 10916K, committed 12032K, reserved 1048576K

Heap Regions: E=young(eden), S=young(survivor), O=old, HS=humongous(starts), HC=humongous(continues), CS=collection set, F=free, TAMS=top-at-mark-start, PB=parsable bottom
|   0|0x00000006c0000000, 0x00000006c0400000, 0x00000006c0400000|100%|HS|  |TAMS 0x00000006c0000000| PB 0x00000006c0000000| Complete 
|   1|0x00000006c0400000, 0x00000006c0800000, 0x00000006c0800000|100%| O|  |TAMS 0x00000006c0400000| PB 0x00000006c0400000| Untracked 
|   2|0x00000006c0800000, 0x00000006c0c00000, 0x00000006c0c00000|100%| O|  |TAMS 0x00000006c0800000| PB 0x00000006c0800000| Untracked 
|   3|0x00000006c0c00000, 0x00000006c1000000, 0x00000006c1000000|100%| O|  |TAMS 0x00000006c0c00000| PB 0x00000006c0c00000| Untracked 
|   4|0x00000006c1000000, 0x00000006c1400000, 0x00000006c1400000|100%| O|  |TAMS 0x00000006c1000000| PB 0x00000006c1000000| Untracked 
|   5|0x00000006c1400000, 0x00000006c1800000, 0x00000006c1800000|100%| O|  |TAMS 0x00000006c1400000| PB 0x00000006c1400000| Untracked 
|   6|0x00000006c1800000, 0x00000006c1c00000, 0x00000006c1c00000|100%| O|  |TAMS 0x00000006c1800000| PB 0x00000006c1800000| Untracked 
|   7|0x00000006c1c00000, 0x00000006c2000000, 0x00000006c2000000|100%| O|  |TAMS 0x00000006c1c00000| PB 0x00000006c1c00000| Untracked 
|   8|0x00000006c2000000, 0x00000006c2400000, 0x00000006c2400000|100%| O|  |TAMS 0x00000006c2000000| PB 0x00000006c2000000| Untracked 
|   9|0x00000006c2400000, 0x00000006c2800000, 0x00000006c2800000|100%| O|  |TAMS 0x00000006c2400000| PB 0x00000006c2400000| Untracked 
|  10|0x00000006c2800000, 0x00000006c2c00000, 0x00000006c2c00000|100%| O|  |TAMS 0x00000006c2800000| PB 0x00000006c2800000| Untracked 
|  11|0x00000006c2c00000, 0x00000006c3000000, 0x00000006c3000000|100%| O|  |TAMS 0x00000006c2c00000| PB 0x00000006c2c00000| Untracked 
|  12|0x00000006c3000000, 0x00000006c3400000, 0x00000006c3400000|100%| O|  |TAMS 0x00000006c3000000| PB 0x00000006c3000000| Untracked 
|  13|0x00000006c3400000, 0x00000006c3800000, 0x00000006c3800000|100%| O|  |TAMS 0x00000006c3400000| PB 0x00000006c3400000| Untracked 
|  14|0x00000006c3800000, 0x00000006c3c00000, 0x00000006c3c00000|100%| O|  |TAMS 0x00000006c3800000| PB 0x00000006c3800000| Untracked 
|  15|0x00000006c3c00000, 0x00000006c4000000, 0x00000006c4000000|100%| O|  |TAMS 0x00000006c3c00000| PB 0x00000006c3c00000| Untracked 
|  16|0x00000006c4000000, 0x00000006c4400000, 0x00000006c4400000|100%| O|  |TAMS 0x00000006c4000000| PB 0x00000006c4000000| Untracked 
|  17|0x00000006c4400000, 0x00000006c4800000, 0x00000006c4800000|100%| O|  |TAMS 0x00000006c4400000| PB 0x00000006c4400000| Untracked 
|  18|0x00000006c4800000, 0x00000006c4c00000, 0x00000006c4c00000|100%| O|  |TAMS 0x00000006c4800000| PB 0x00000006c4800000| Untracked 
|  19|0x00000006c4c00000, 0x00000006c5000000, 0x00000006c5000000|100%| O|  |TAMS 0x00000006c4c00000| PB 0x00000006c4c00000| Untracked 
|  20|0x00000006c5000000, 0x00000006c5000000, 0x00000006c5400000|  0%| F|  |TAMS 0x00000006c5000000| PB 0x00000006c5000000| Untracked 
|  21|0x00000006c5400000, 0x00000006c5800000, 0x00000006c5800000|100%| O|  |TAMS 0x00000006c5400000| PB 0x00000006c5400000| Untracked 
|  22|0x00000006c5800000, 0x00000006c5c00000, 0x00000006c5c00000|100%| O|  |TAMS 0x00000006c5800000| PB 0x00000006c5800000| Untracked 
|  23|0x00000006c5c00000, 0x00000006c6000000, 0x00000006c6000000|100%| O|  |TAMS 0x00000006c5c00000| PB 0x00000006c5c00000| Untracked 
|  24|0x00000006c6000000, 0x00000006c6400000, 0x00000006c6400000|100%| O|  |TAMS 0x00000006c6000000| PB 0x00000006c6000000| Untracked 
|  25|0x00000006c6400000, 0x00000006c6400000, 0x00000006c6800000|  0%| F|  |TAMS 0x00000006c6400000| PB 0x00000006c6400000| Untracked 
|  26|0x00000006c6800000, 0x00000006c6c00000, 0x00000006c6c00000|100%| O|  |TAMS 0x00000006c6800000| PB 0x00000006c6800000| Untracked 
|  27|0x00000006c6c00000, 0x00000006c6c00000, 0x00000006c7000000|  0%| F|  |TAMS 0x00000006c6c00000| PB 0x00000006c6c00000| Untracked 
|  28|0x00000006c7000000, 0x00000006c7400000, 0x00000006c7400000|100%| O|  |TAMS 0x00000006c7000000| PB 0x00000006c7000000| Untracked 
|  29|0x00000006c7400000, 0x00000006c7400000, 0x00000006c7800000|  0%| F|  |TAMS 0x00000006c7400000| PB 0x00000006c7400000| Untracked 
|  30|0x00000006c7800000, 0x00000006c7800000, 0x00000006c7c00000|  0%| F|  |TAMS 0x00000006c7800000| PB 0x00000006c7800000| Untracked 
|  31|0x00000006c7c00000, 0x00000006c8000000, 0x00000006c8000000|100%| O|  |TAMS 0x00000006c7c00000| PB 0x00000006c7c00000| Untracked 
|  32|0x00000006c8000000, 0x00000006c8400000, 0x00000006c8400000|100%| O|  |TAMS 0x00000006c8000000| PB 0x00000006c8000000| Untracked 
|  33|0x00000006c8400000, 0x00000006c8800000, 0x00000006c8800000|100%| O|  |TAMS 0x00000006c8400000| PB 0x00000006c8400000| Untracked 
|  34|0x00000006c8800000, 0x00000006c8c00000, 0x00000006c8c00000|100%| O|  |TAMS 0x00000006c8800000| PB 0x00000006c8800000| Untracked 
|  35|0x00000006c8c00000, 0x00000006c9000000, 0x00000006c9000000|100%| O|  |TAMS 0x00000006c8c00000| PB 0x00000006c8c00000| Untracked 
|  36|0x00000006c9000000, 0x00000006c9400000, 0x00000006c9400000|100%| O|  |TAMS 0x00000006c9000000| PB 0x00000006c9000000| Untracked 
|  37|0x00000006c9400000, 0x00000006c9800000, 0x00000006c9800000|100%| O|  |TAMS 0x00000006c9400000| PB 0x00000006c9400000| Untracked 
|  38|0x00000006c9800000, 0x00000006c9c00000, 0x00000006c9c00000|100%| O|  |TAMS 0x00000006c9800000| PB 0x00000006c9800000| Untracked 
|  39|0x00000006c9c00000, 0x00000006ca000000, 0x00000006ca000000|100%| O|  |TAMS 0x00000006c9c00000| PB 0x00000006c9c00000| Untracked 
|  40|0x00000006ca000000, 0x00000006ca400000, 0x00000006ca400000|100%| O|  |TAMS 0x00000006ca000000| PB 0x00000006ca000000| Untracked 
|  41|0x00000006ca400000, 0x00000006ca800000, 0x00000006ca800000|100%| O|  |TAMS 0x00000006ca400000| PB 0x00000006ca400000| Untracked 
|  42|0x00000006ca800000, 0x00000006cac00000, 0x00000006cac00000|100%| O|  |TAMS 0x00000006ca800000| PB 0x00000006ca800000| Untracked 
|  43|0x00000006cac00000, 0x00000006cb000000, 0x00000006cb000000|100%| O|  |TAMS 0x00000006cac00000| PB 0x00000006cac00000| Untracked 
|  44|0x00000006cb000000, 0x00000006cb400000, 0x00000006cb400000|100%| O|  |TAMS 0x00000006cb000000| PB 0x00000006cb000000| Untracked 
|  45|0x00000006cb400000, 0x00000006cb800000, 0x00000006cb800000|100%| O|  |TAMS 0x00000006cb400000| PB 0x00000006cb400000| Untracked 
|  46|0x00000006cb800000, 0x00000006cbc00000, 0x00000006cbc00000|100%| O|  |TAMS 0x00000006cb800000| PB 0x00000006cb800000| Untracked 
|  47|0x00000006cbc00000, 0x00000006cc000000, 0x00000006cc000000|100%| O|  |TAMS 0x00000006cbc00000| PB 0x00000006cbc00000| Untracked 
|  48|0x00000006cc000000, 0x00000006cc400000, 0x00000006cc400000|100%| O|  |TAMS 0x00000006cc000000| PB 0x00000006cc000000| Untracked 
|  49|0x00000006cc400000, 0x00000006cc800000, 0x00000006cc800000|100%| O|  |TAMS 0x00000006cc400000| PB 0x00000006cc400000| Untracked 
|  50|0x00000006cc800000, 0x00000006ccc00000, 0x00000006ccc00000|100%| O|  |TAMS 0x00000006cc800000| PB 0x00000006cc800000| Untracked 
|  51|0x00000006ccc00000, 0x00000006cd000000, 0x00000006cd000000|100%| O|  |TAMS 0x00000006ccc00000| PB 0x00000006ccc00000| Untracked 
|  52|0x00000006cd000000, 0x00000006cd400000, 0x00000006cd400000|100%| O|  |TAMS 0x00000006cd000000| PB 0x00000006cd000000| Untracked 
|  53|0x00000006cd400000, 0x00000006cd800000, 0x00000006cd800000|100%| O|  |TAMS 0x00000006cd400000| PB 0x00000006cd400000| Untracked 
|  54|0x00000006cd800000, 0x00000006cdc00000, 0x00000006cdc00000|100%| O|  |TAMS 0x00000006cd800000| PB 0x00000006cd800000| Untracked 
|  55|0x00000006cdc00000, 0x00000006ce000000, 0x00000006ce000000|100%| O|  |TAMS 0x00000006cdc00000| PB 0x00000006cdc00000| Untracked 
|  56|0x00000006ce000000, 0x00000006ce400000, 0x00000006ce400000|100%| O|  |TAMS 0x00000006ce000000| PB 0x00000006ce000000| Untracked 
|  57|0x00000006ce400000, 0x00000006ce800000, 0x00000006ce800000|100%| O|  |TAMS 0x00000006ce400000| PB 0x00000006ce400000| Untracked 
|  58|0x00000006ce800000, 0x00000006cec00000, 0x00000006cec00000|100%| O|  |TAMS 0x00000006ce800000| PB 0x00000006ce800000| Untracked 
|  59|0x00000006cec00000, 0x00000006cf000000, 0x00000006cf000000|100%| O|  |TAMS 0x00000006cec00000| PB 0x00000006cec00000| Untracked 
|  60|0x00000006cf000000, 0x00000006cf400000, 0x00000006cf400000|100%| O|  |TAMS 0x00000006cf000000| PB 0x00000006cf000000| Untracked 
|  61|0x00000006cf400000, 0x00000006cf800000, 0x00000006cf800000|100%| O|  |TAMS 0x00000006cf400000| PB 0x00000006cf400000| Untracked 
|  62|0x00000006cf800000, 0x00000006cfc00000, 0x00000006cfc00000|100%| O|  |TAMS 0x00000006cf800000| PB 0x00000006cf800000| Untracked 
|  63|0x00000006cfc00000, 0x00000006d0000000, 0x00000006d0000000|100%| O|  |TAMS 0x00000006cfc00000| PB 0x00000006cfc00000| Untracked 
|  64|0x00000006d0000000, 0x00000006d0400000, 0x00000006d0400000|100%| O|  |TAMS 0x00000006d0000000| PB 0x00000006d0000000| Untracked 
|  65|0x00000006d0400000, 0x00000006d0800000, 0x00000006d0800000|100%| O|  |TAMS 0x00000006d0400000| PB 0x00000006d0400000| Untracked 
|  66|0x00000006d0800000, 0x00000006d0c00000, 0x00000006d0c00000|100%| O|  |TAMS 0x00000006d0800000| PB 0x00000006d0800000| Untracked 
|  67|0x00000006d0c00000, 0x00000006d1000000, 0x00000006d1000000|100%| O|  |TAMS 0x00000006d0c00000| PB 0x00000006d0c00000| Untracked 
|  68|0x00000006d1000000, 0x00000006d1400000, 0x00000006d1400000|100%| O|  |TAMS 0x00000006d1000000| PB 0x00000006d1000000| Untracked 
|  69|0x00000006d1400000, 0x00000006d1800000, 0x00000006d1800000|100%| O|  |TAMS 0x00000006d1400000| PB 0x00000006d1400000| Untracked 
|  70|0x00000006d1800000, 0x00000006d1c00000, 0x00000006d1c00000|100%| O|  |TAMS 0x00000006d1800000| PB 0x00000006d1800000| Untracked 
|  71|0x00000006d1c00000, 0x00000006d2000000, 0x00000006d2000000|100%| O|  |TAMS 0x00000006d1c00000| PB 0x00000006d1c00000| Untracked 
|  72|0x00000006d2000000, 0x00000006d2400000, 0x00000006d2400000|100%| O|  |TAMS 0x00000006d2000000| PB 0x00000006d2000000| Untracked 
|  73|0x00000006d2400000, 0x00000006d2800000, 0x00000006d2800000|100%| O|  |TAMS 0x00000006d2400000| PB 0x00000006d2400000| Untracked 
|  74|0x00000006d2800000, 0x00000006d2c00000, 0x00000006d2c00000|100%| O|  |TAMS 0x00000006d2800000| PB 0x00000006d2800000| Untracked 
|  75|0x00000006d2c00000, 0x00000006d3000000, 0x00000006d3000000|100%| O|  |TAMS 0x00000006d2c00000| PB 0x00000006d2c00000| Untracked 
|  76|0x00000006d3000000, 0x00000006d3400000, 0x00000006d3400000|100%| O|  |TAMS 0x00000006d3000000| PB 0x00000006d3000000| Untracked 
|  77|0x00000006d3400000, 0x00000006d3600000, 0x00000006d3800000| 50%| O|  |TAMS 0x00000006d3400000| PB 0x00000006d3400000| Untracked 
|  78|0x00000006d3800000, 0x00000006d3800000, 0x00000006d3c00000|  0%| F|  |TAMS 0x00000006d3800000| PB 0x00000006d3800000| Untracked 
|  79|0x00000006d3c00000, 0x00000006d3c00000, 0x00000006d4000000|  0%| F|  |TAMS 0x00000006d3c00000| PB 0x00000006d3c00000| Untracked 
|  80|0x00000006d4000000, 0x00000006d4000000, 0x00000006d4400000|  0%| F|  |TAMS 0x00000006d4000000| PB 0x00000006d4000000| Untracked 
|  81|0x00000006d4400000, 0x00000006d4400000, 0x00000006d4800000|  0%| F|  |TAMS 0x00000006d4400000| PB 0x00000006d4400000| Untracked 
|  82|0x00000006d4800000, 0x00000006d4800000, 0x00000006d4c00000|  0%| F|  |TAMS 0x00000006d4800000| PB 0x00000006d4800000| Untracked 
|  83|0x00000006d4c00000, 0x00000006d4c00000, 0x00000006d5000000|  0%| F|  |TAMS 0x00000006d4c00000| PB 0x00000006d4c00000| Untracked 
|  84|0x00000006d5000000, 0x00000006d5000000, 0x00000006d5400000|  0%| F|  |TAMS 0x00000006d5000000| PB 0x00000006d5000000| Untracked 
|  85|0x00000006d5400000, 0x00000006d5400000, 0x00000006d5800000|  0%| F|  |TAMS 0x00000006d5400000| PB 0x00000006d5400000| Untracked 
|  86|0x00000006d5800000, 0x00000006d5800000, 0x00000006d5c00000|  0%| F|  |TAMS 0x00000006d5800000| PB 0x00000006d5800000| Untracked 
|  87|0x00000006d5c00000, 0x00000006d5c00000, 0x00000006d6000000|  0%| F|  |TAMS 0x00000006d5c00000| PB 0x00000006d5c00000| Untracked 
|  88|0x00000006d6000000, 0x00000006d6000000, 0x00000006d6400000|  0%| F|  |TAMS 0x00000006d6000000| PB 0x00000006d6000000| Untracked 
|  89|0x00000006d6400000, 0x00000006d6400000, 0x00000006d6800000|  0%| F|  |TAMS 0x00000006d6400000| PB 0x00000006d6400000| Untracked 
|  90|0x00000006d6800000, 0x00000006d6800000, 0x00000006d6c00000|  0%| F|  |TAMS 0x00000006d6800000| PB 0x00000006d6800000| Untracked 
|  91|0x00000006d6c00000, 0x00000006d6c00000, 0x00000006d7000000|  0%| F|  |TAMS 0x00000006d6c00000| PB 0x00000006d6c00000| Untracked 
|  92|0x00000006d7000000, 0x00000006d7400000, 0x00000006d7400000|100%| S|CS|TAMS 0x00000006d7000000| PB 0x00000006d7000000| Complete 
|  93|0x00000006d7400000, 0x00000006d7800000, 0x00000006d7800000|100%| S|CS|TAMS 0x00000006d7400000| PB 0x00000006d7400000| Complete 
|  94|0x00000006d7800000, 0x00000006d7c00000, 0x00000006d7c00000|100%| S|CS|TAMS 0x00000006d7800000| PB 0x00000006d7800000| Complete 
|  95|0x00000006d7c00000, 0x00000006d8000000, 0x00000006d8000000|100%| S|CS|TAMS 0x00000006d7c00000| PB 0x00000006d7c00000| Complete 
|  96|0x00000006d8000000, 0x00000006d8000000, 0x00000006d8400000|  0%| F|  |TAMS 0x00000006d8000000| PB 0x00000006d8000000| Untracked 
|  97|0x00000006d8400000, 0x00000006d8400000, 0x00000006d8800000|  0%| F|  |TAMS 0x00000006d8400000| PB 0x00000006d8400000| Untracked 
|  98|0x00000006d8800000, 0x00000006d8800000, 0x00000006d8c00000|  0%| F|  |TAMS 0x00000006d8800000| PB 0x00000006d8800000| Untracked 
|  99|0x00000006d8c00000, 0x00000006d8c00000, 0x00000006d9000000|  0%| F|  |TAMS 0x00000006d8c00000| PB 0x00000006d8c00000| Untracked 
| 100|0x00000006d9000000, 0x00000006d9000000, 0x00000006d9400000|  0%| F|  |TAMS 0x00000006d9000000| PB 0x00000006d9000000| Untracked 
| 101|0x00000006d9400000, 0x00000006d9400000, 0x00000006d9800000|  0%| F|  |TAMS 0x00000006d9400000| PB 0x00000006d9400000| Untracked 
| 102|0x00000006d9800000, 0x00000006d9800000, 0x00000006d9c00000|  0%| F|  |TAMS 0x00000006d9800000| PB 0x00000006d9800000| Untracked 
| 103|0x00000006d9c00000, 0x00000006d9c00000, 0x00000006da000000|  0%| F|  |TAMS 0x00000006d9c00000| PB 0x00000006d9c00000| Untracked 
| 104|0x00000006da000000, 0x00000006da000000, 0x00000006da400000|  0%| F|  |TAMS 0x00000006da000000| PB 0x00000006da000000| Untracked 
| 105|0x00000006da400000, 0x00000006da400000, 0x00000006da800000|  0%| F|  |TAMS 0x00000006da400000| PB 0x00000006da400000| Untracked 
| 106|0x00000006da800000, 0x00000006da800000, 0x00000006dac00000|  0%| F|  |TAMS 0x00000006da800000| PB 0x00000006da800000| Untracked 
| 107|0x00000006dac00000, 0x00000006dac00000, 0x00000006db000000|  0%| F|  |TAMS 0x00000006dac00000| PB 0x00000006dac00000| Untracked 
| 108|0x00000006db000000, 0x00000006db000000, 0x00000006db400000|  0%| F|  |TAMS 0x00000006db000000| PB 0x00000006db000000| Untracked 
| 109|0x00000006db400000, 0x00000006db400000, 0x00000006db800000|  0%| F|  |TAMS 0x00000006db400000| PB 0x00000006db400000| Untracked 
| 110|0x00000006db800000, 0x00000006db800000, 0x00000006dbc00000|  0%| F|  |TAMS 0x00000006db800000| PB 0x00000006db800000| Untracked 
| 111|0x00000006dbc00000, 0x00000006dbc00000, 0x00000006dc000000|  0%| F|  |TAMS 0x00000006dbc00000| PB 0x00000006dbc00000| Untracked 
| 112|0x00000006dc000000, 0x00000006dc000000, 0x00000006dc400000|  0%| F|  |TAMS 0x00000006dc000000| PB 0x00000006dc000000| Untracked 
| 113|0x00000006dc400000, 0x00000006dc400000, 0x00000006dc800000|  0%| F|  |TAMS 0x00000006dc400000| PB 0x00000006dc400000| Untracked 
| 114|0x00000006dc800000, 0x00000006dc800000, 0x00000006dcc00000|  0%| F|  |TAMS 0x00000006dc800000| PB 0x00000006dc800000| Untracked 
|1267|0x00000007fcc00000, 0x00000007fcc00000, 0x00000007fd000000|  0%| F|  |TAMS 0x00000007fcc00000| PB 0x00000007fcc00000| Untracked 
|1268|0x00000007fd000000, 0x00000007fd000000, 0x00000007fd400000|  0%| F|  |TAMS 0x00000007fd000000| PB 0x00000007fd000000| Untracked 
|1269|0x00000007fd400000, 0x00000007fd800000, 0x00000007fd800000|100%| O|  |TAMS 0x00000007fd400000| PB 0x00000007fd400000| Untracked 
|1270|0x00000007fd800000, 0x00000007fdc00000, 0x00000007fdc00000|100%| O|  |TAMS 0x00000007fd800000| PB 0x00000007fd800000| Untracked 
|1271|0x00000007fdc00000, 0x00000007fe000000, 0x00000007fe000000|100%| O|  |TAMS 0x00000007fdc00000| PB 0x00000007fdc00000| Untracked 
|1272|0x00000007fe000000, 0x00000007fe000000, 0x00000007fe400000|  0%| F|  |TAMS 0x00000007fe000000| PB 0x00000007fe000000| Untracked 
|1273|0x00000007fe400000, 0x00000007fe400000, 0x00000007fe800000|  0%| F|  |TAMS 0x00000007fe400000| PB 0x00000007fe400000| Untracked 
|1274|0x00000007fe800000, 0x00000007fe800000, 0x00000007fec00000|  0%| F|  |TAMS 0x00000007fe800000| PB 0x00000007fe800000| Untracked 
|1275|0x00000007fec00000, 0x00000007fec00000, 0x00000007ff000000|  0%| F|  |TAMS 0x00000007fec00000| PB 0x00000007fec00000| Untracked 
|1276|0x00000007ff000000, 0x00000007ff400000, 0x00000007ff400000|100%| O|  |TAMS 0x00000007ff000000| PB 0x00000007ff000000| Untracked 
|1277|0x00000007ff400000, 0x00000007ff400000, 0x00000007ff800000|  0%| F|  |TAMS 0x00000007ff400000| PB 0x00000007ff400000| Untracked 
|1278|0x00000007ff800000, 0x00000007ff800000, 0x00000007ffc00000|  0%| F|  |TAMS 0x00000007ff800000| PB 0x00000007ff800000| Untracked 
|1279|0x00000007ffc00000, 0x00000007ffc00000, 0x0000000800000000|  0%| F|  |TAMS 0x00000007ffc00000| PB 0x00000007ffc00000| Untracked 

Card table byte_map: [0x000002953eb60000,0x000002953f560000] _byte_map_base: 0x000002953b560000

Marking Bits: (CMBitMap*) 0x00000295251593c0
 Bits: [0x000002953f560000, 0x0000029544560000)

Polling page: 0x000002952ed20000

Metaspace:

Usage:
  Non-class:     65.93 MB used.
      Class:     10.66 MB used.
       Both:     76.59 MB used.

Virtual space:
  Non-class space:      128.00 MB reserved,      67.00 MB ( 52%) committed,  2 nodes.
      Class space:        1.00 GB reserved,      11.75 MB (  1%) committed,  1 nodes.
             Both:        1.12 GB reserved,      78.75 MB (  7%) committed. 

Chunk freelists:
   Non-Class:  12.38 MB
       Class:  4.11 MB
        Both:  16.49 MB

MaxMetaspaceSize: unlimited
CompressedClassSpaceSize: 1.00 GB
Initial GC threshold: 21.00 MB
Current GC threshold: 130.94 MB
CDS: on
 - commit_granule_bytes: 65536.
 - commit_granule_words: 8192.
 - virtual_space_node_default_size: 8388608.
 - enlarge_chunks_in_place: 1.
 - use_allocation_guard: 0.


Internal statistics:

num_allocs_failed_limit: 6.
num_arena_births: 3848.
num_arena_deaths: 8.
num_vsnodes_births: 3.
num_vsnodes_deaths: 0.
num_space_committed: 1260.
num_space_uncommitted: 0.
num_chunks_returned_to_freelist: 23.
num_chunks_taken_from_freelist: 7479.
num_chunk_merges: 8.
num_chunk_splits: 4810.
num_chunks_enlarged: 2918.
num_inconsistent_stats: 0.

CodeHeap 'non-profiled nmethods': size=120064Kb used=5582Kb max_used=5582Kb free=114481Kb
 bounds [0x0000029536800000, 0x0000029536d90000, 0x000002953dd40000]
CodeHeap 'profiled nmethods': size=120000Kb used=16599Kb max_used=17066Kb free=103400Kb
 bounds [0x000002952ed40000, 0x000002952fdf0000, 0x0000029536270000]
CodeHeap 'non-nmethods': size=5696Kb used=2845Kb max_used=2895Kb free=2850Kb
 bounds [0x0000029536270000, 0x0000029536550000, 0x0000029536800000]
 total_blobs=9873 nmethods=8929 adapters=849
 compilation: enabled
              stopped_count=0, restarted_count=0
 full_count=0

Compilation events (20 events):
Event: 43.912 Thread 0x00000295469653c0 10751       3       net.minecraftforge.srgutils.MappingFile::lambda$reverse$18 (48 bytes)
Event: 43.913 Thread 0x00000295469653c0 nmethod 10751 0x000002952ef82810 code [0x000002952ef82ac0, 0x000002952ef83958]
Event: 43.922 Thread 0x00000295468fa540 nmethod 10748 0x0000029536c9d410 code [0x0000029536c9d6a0, 0x0000029536c9e7b8]
Event: 43.922 Thread 0x00000295468fa540 10752       4       java.util.regex.Pattern$StartS::match (138 bytes)
Event: 43.928 Thread 0x00000295468fa540 nmethod 10752 0x00000295369ee490 code [0x00000295369ee680, 0x00000295369eed30]
Event: 43.928 Thread 0x00000295468fa540 10753       4       java.util.HashMap$Values::forEach (119 bytes)
Event: 43.930 Thread 0x00000295468fa540 nmethod 10753 0x0000029536b82590 code [0x0000029536b82740, 0x0000029536b82968]
Event: 43.930 Thread 0x00000295468fa540 10755       4       java.util.regex.Pattern$StartS::match (138 bytes)
Event: 43.937 Thread 0x00000295468fa540 nmethod 10755 0x00000295369ac390 code [0x00000295369ac580, 0x00000295369acbb0]
Event: 43.937 Thread 0x00000295468fa540 10749       4       java.util.regex.Pattern$GroupTail::match (111 bytes)
Event: 43.939 Thread 0x00000295468fa540 nmethod 10749 0x0000029536ca4210 code [0x0000029536ca43c0, 0x0000029536ca4690]
Event: 43.939 Thread 0x00000295468fa540 10754       4       java.util.regex.Pattern$GroupHead::match (47 bytes)
Event: 43.940 Thread 0x00000295468fa540 nmethod 10754 0x0000029536ca3d90 code [0x0000029536ca3f20, 0x0000029536ca40b0]
Event: 43.940 Thread 0x00000295468fa540 10756   !   4       java.util.regex.Matcher::appendReplacement (65 bytes)
Event: 43.947 Thread 0x00000295468fa540 nmethod 10756 0x0000029536b1d510 code [0x0000029536b1d720, 0x0000029536b1e0f0]
Event: 43.947 Thread 0x00000295468fa540 10759       4       net.minecraftforge.srgutils.MappingFile::remapDescriptor (82 bytes)
Event: 44.208 Thread 0x00000295468fa540 nmethod 10759 0x0000029536d77890 code [0x0000029536d78080, 0x0000029536d7e830]
Event: 44.209 Thread 0x00000295468fa540 10768       4       java.util.HashMap$HashIterator::<init> (79 bytes)
Event: 44.213 Thread 0x00000295468fa540 nmethod 10768 0x0000029536ba4210 code [0x0000029536ba43c0, 0x0000029536ba47b8]
Event: 44.213 Thread 0x00000295468fa540 10774       4       net.minecraftforge.srgutils.MappingFile$Node::<init> (45 bytes)

GC Heap History (20 events):
Event: 36.626 GC heap after
{Heap after GC invocations=33 (full 0):
 garbage-first heap   total 118784K, used 65490K [0x00000006c0000000, 0x0000000800000000)
  region size 4096K, 1 young (4096K), 1 survivors (4096K)
 Metaspace       used 73791K, committed 75904K, reserved 1114112K
  class space    used 10271K, committed 11328K, reserved 1048576K
}
Event: 38.252 GC heap before
{Heap before GC invocations=34 (full 0):
 garbage-first heap   total 188416K, used 180178K [0x00000006c0000000, 0x0000000800000000)
  region size 4096K, 8 young (32768K), 1 survivors (4096K)
 Metaspace       used 75890K, committed 78016K, reserved 1179648K
  class space    used 10477K, committed 11520K, reserved 1048576K
}
Event: 38.263 GC heap after
{Heap after GC invocations=35 (full 0):
 garbage-first heap   total 196608K, used 100415K [0x00000006c0000000, 0x0000000800000000)
  region size 4096K, 2 young (8192K), 2 survivors (8192K)
 Metaspace       used 75890K, committed 78016K, reserved 1179648K
  class space    used 10477K, committed 11520K, reserved 1048576K
}
Event: 40.501 GC heap before
{Heap before GC invocations=35 (full 0):
 garbage-first heap   total 196608K, used 186431K [0x00000006c0000000, 0x0000000800000000)
  region size 4096K, 13 young (53248K), 2 survivors (8192K)
 Metaspace       used 78164K, committed 80384K, reserved 1179648K
  class space    used 10892K, committed 11968K, reserved 1048576K
}
Event: 40.546 GC heap after
{Heap after GC invocations=36 (full 0):
 garbage-first heap   total 225280K, used 89186K [0x00000006c0000000, 0x0000000800000000)
  region size 4096K, 3 young (12288K), 3 survivors (12288K)
 Metaspace       used 78164K, committed 80384K, reserved 1179648K
  class space    used 10892K, committed 11968K, reserved 1048576K
}
Event: 40.747 GC heap before
{Heap before GC invocations=36 (full 0):
 garbage-first heap   total 225280K, used 183394K [0x00000006c0000000, 0x0000000800000000)
  region size 4096K, 26 young (106496K), 3 survivors (12288K)
 Metaspace       used 78240K, committed 80448K, reserved 1179648K
  class space    used 10899K, committed 11968K, reserved 1048576K
}
Event: 40.846 GC heap after
{Heap after GC invocations=37 (full 0):
 garbage-first heap   total 262144K, used 153600K [0x00000006c0000000, 0x0000000800000000)
  region size 4096K, 4 young (16384K), 4 survivors (16384K)
 Metaspace       used 78240K, committed 80448K, reserved 1179648K
  class space    used 10899K, committed 11968K, reserved 1048576K
}
Event: 40.998 GC heap before
{Heap before GC invocations=37 (full 0):
 garbage-first heap   total 262144K, used 202752K [0x00000006c0000000, 0x0000000800000000)
  region size 4096K, 16 young (65536K), 4 survivors (16384K)
 Metaspace       used 78240K, committed 80448K, reserved 1179648K
  class space    used 10899K, committed 11968K, reserved 1048576K
}
Event: 41.067 GC heap after
{Heap after GC invocations=38 (full 0):
 garbage-first heap   total 524288K, used 190464K [0x00000006c0000000, 0x0000000800000000)
  region size 4096K, 2 young (8192K), 2 survivors (8192K)
 Metaspace       used 78240K, committed 80448K, reserved 1179648K
  class space    used 10899K, committed 11968K, reserved 1048576K
}
Event: 42.121 GC heap before
{Heap before GC invocations=39 (full 0):
 garbage-first heap   total 524288K, used 317440K [0x00000006c0000000, 0x0000000800000000)
  region size 4096K, 31 young (126976K), 2 survivors (8192K)
 Metaspace       used 78390K, committed 80576K, reserved 1179648K
  class space    used 10912K, committed 11968K, reserved 1048576K
}
Event: 42.234 GC heap after
{Heap after GC invocations=40 (full 0):
 garbage-first heap   total 524288K, used 262144K [0x00000006c0000000, 0x0000000800000000)
  region size 4096K, 4 young (16384K), 4 survivors (16384K)
 Metaspace       used 78390K, committed 80576K, reserved 1179648K
  class space    used 10912K, committed 11968K, reserved 1048576K
}
Event: 42.418 GC heap before
{Heap before GC invocations=40 (full 0):
 garbage-first heap   total 524288K, used 339968K [0x00000006c0000000, 0x0000000800000000)
  region size 4096K, 23 young (94208K), 4 survivors (16384K)
 Metaspace       used 78394K, committed 80576K, reserved 1179648K
  class space    used 10912K, committed 11968K, reserved 1048576K
}
Event: 42.503 GC heap after
{Heap after GC invocations=41 (full 0):
 garbage-first heap   total 524288K, used 282624K [0x00000006c0000000, 0x0000000800000000)
  region size 4096K, 3 young (12288K), 3 survivors (12288K)
 Metaspace       used 78394K, committed 80576K, reserved 1179648K
  class space    used 10912K, committed 11968K, reserved 1048576K
}
Event: 42.644 GC heap before
{Heap before GC invocations=41 (full 0):
 garbage-first heap   total 524288K, used 376832K [0x00000006c0000000, 0x0000000800000000)
  region size 4096K, 26 young (106496K), 3 survivors (12288K)
 Metaspace       used 78394K, committed 80576K, reserved 1179648K
  class space    used 10912K, committed 11968K, reserved 1048576K
}
Event: 42.684 GC heap after
{Heap after GC invocations=42 (full 0):
 garbage-first heap   total 524288K, used 305152K [0x00000006c0000000, 0x0000000800000000)
  region size 4096K, 4 young (16384K), 4 survivors (16384K)
 Metaspace       used 78394K, committed 80576K, reserved 1179648K
  class space    used 10912K, committed 11968K, reserved 1048576K
}
Event: 43.447 GC heap before
{Heap before GC invocations=43 (full 0):
 garbage-first heap   total 524288K, used 395264K [0x00000006c0000000, 0x0000000800000000)
  region size 4096K, 27 young (110592K), 4 survivors (16384K)
 Metaspace       used 78394K, committed 80576K, reserved 1179648K
  class space    used 10912K, committed 11968K, reserved 1048576K
}
Event: 43.494 GC heap after
{Heap after GC invocations=44 (full 0):
 garbage-first heap   total 524288K, used 323584K [0x00000006c0000000, 0x0000000800000000)
  region size 4096K, 4 young (16384K), 4 survivors (16384K)
 Metaspace       used 78394K, committed 80576K, reserved 1179648K
  class space    used 10912K, committed 11968K, reserved 1048576K
}
Event: 43.717 GC heap before
{Heap before GC invocations=44 (full 0):
 garbage-first heap   total 524288K, used 417792K [0x00000006c0000000, 0x0000000800000000)
  region size 4096K, 27 young (110592K), 4 survivors (16384K)
 Metaspace       used 78394K, committed 80576K, reserved 1179648K
  class space    used 10912K, committed 11968K, reserved 1048576K
}
Event: 43.841 GC heap after
{Heap after GC invocations=45 (full 0):
 garbage-first heap   total 524288K, used 327680K [0x00000006c0000000, 0x0000000800000000)
  region size 4096K, 4 young (16384K), 4 survivors (16384K)
 Metaspace       used 78394K, committed 80576K, reserved 1179648K
  class space    used 10912K, committed 11968K, reserved 1048576K
}
Event: 44.216 GC heap before
{Heap before GC invocations=45 (full 0):
 garbage-first heap   total 524288K, used 417792K [0x00000006c0000000, 0x0000000800000000)
  region size 4096K, 26 young (106496K), 4 survivors (16384K)
 Metaspace       used 78425K, committed 80640K, reserved 1179648K
  class space    used 10916K, committed 12032K, reserved 1048576K
}

Dll operation events (15 events):
Event: 0.564 Loaded shared library C:\Program Files\Java\jdk-21\bin\java.dll
Event: 0.610 Loaded shared library C:\Program Files\Java\jdk-21\bin\jsvml.dll
Event: 0.856 Loaded shared library C:\Program Files\Java\jdk-21\bin\zip.dll
Event: 1.299 Loaded shared library C:\Program Files\Java\jdk-21\bin\instrument.dll
Event: 1.360 Loaded shared library C:\Program Files\Java\jdk-21\bin\net.dll
Event: 1.362 Loaded shared library C:\Program Files\Java\jdk-21\bin\nio.dll
Event: 1.367 Loaded shared library C:\Program Files\Java\jdk-21\bin\zip.dll
Event: 2.028 Loaded shared library C:\Program Files\Java\jdk-21\bin\jimage.dll
Event: 2.454 Loaded shared library C:\Program Files\Java\jdk-21\bin\verify.dll
Event: 2.639 Loaded shared library C:\Users\Abhin\.gradle\native\1def1411415f61bf3af743bc5b6707747c0891f09f0c88961ee8f79bc544acac\windows-amd64\native-platform.dll
Event: 2.729 Loaded shared library C:\Users\Abhin\.gradle\native\0.2.6\x86_64-windows-gnu\gradle-fileevents.dll
Event: 4.867 Loaded shared library C:\Program Files\Java\jdk-21\bin\management.dll
Event: 5.000 Loaded shared library C:\Program Files\Java\jdk-21\bin\management_ext.dll
Event: 6.246 Loaded shared library C:\Program Files\Java\jdk-21\bin\extnet.dll
Event: 7.073 Loaded shared library C:\Program Files\Java\jdk-21\bin\sunmscapi.dll

Deoptimization events (20 events):
Event: 43.884 Thread 0x0000029590e4d2c0 Uncommon trap: trap_request=0xffffffde fr.pc=0x0000029536c1f318 relative=0x0000000000000d58
Event: 43.884 Thread 0x0000029590e4d2c0 Uncommon trap: reason=class_check action=maybe_recompile pc=0x0000029536c1f318 method=net.minecraftforge.srgutils.MappingFile$Node.<init>(Lnet/minecraftforge/srgutils/MappingFile;Ljava/lang/String;Ljava/lang/String;Ljava/util/Map;)V @ 22 c2
Event: 43.884 Thread 0x0000029590e4d2c0 DEOPT PACKING pc=0x0000029536c1f318 sp=0x000000bda89f9b30
Event: 43.884 Thread 0x0000029590e4d2c0 DEOPT UNPACKING pc=0x00000295362c469c sp=0x000000bda89f9a50 mode 2
Event: 43.884 Thread 0x0000029590e4d2c0 Uncommon trap: trap_request=0xffffffde fr.pc=0x0000029536d32754 relative=0x0000000000000bd4
Event: 43.884 Thread 0x0000029590e4d2c0 Uncommon trap: reason=class_check action=maybe_recompile pc=0x0000029536d32754 method=net.minecraftforge.srgutils.MappingFile$Node.<init>(Lnet/minecraftforge/srgutils/MappingFile;Ljava/lang/String;Ljava/lang/String;Ljava/util/Map;)V @ 22 c2
Event: 43.884 Thread 0x0000029590e4d2c0 DEOPT PACKING pc=0x0000029536d32754 sp=0x000000bda89f9970
Event: 43.884 Thread 0x0000029590e4d2c0 DEOPT UNPACKING pc=0x00000295362c469c sp=0x000000bda89f97a0 mode 2
Event: 43.884 Thread 0x0000029590e4d2c0 Uncommon trap: trap_request=0xffffffde fr.pc=0x0000029536d349cc relative=0x000000000000060c
Event: 43.884 Thread 0x0000029590e4d2c0 Uncommon trap: reason=class_check action=maybe_recompile pc=0x0000029536d349cc method=net.minecraftforge.srgutils.MappingFile$Node.<init>(Lnet/minecraftforge/srgutils/MappingFile;Ljava/lang/String;Ljava/lang/String;Ljava/util/Map;)V @ 22 c2
Event: 43.884 Thread 0x0000029590e4d2c0 DEOPT PACKING pc=0x0000029536d349cc sp=0x000000bda89f98d0
Event: 43.884 Thread 0x0000029590e4d2c0 DEOPT UNPACKING pc=0x00000295362c469c sp=0x000000bda89f9790 mode 2
Event: 43.884 Thread 0x0000029590e4d2c0 Uncommon trap: trap_request=0xffffffde fr.pc=0x0000029536d3394c relative=0x000000000000060c
Event: 43.884 Thread 0x0000029590e4d2c0 Uncommon trap: reason=class_check action=maybe_recompile pc=0x0000029536d3394c method=net.minecraftforge.srgutils.MappingFile$Node.<init>(Lnet/minecraftforge/srgutils/MappingFile;Ljava/lang/String;Ljava/lang/String;Ljava/util/Map;)V @ 22 c2
Event: 43.884 Thread 0x0000029590e4d2c0 DEOPT PACKING pc=0x0000029536d3394c sp=0x000000bda89f9850
Event: 43.884 Thread 0x0000029590e4d2c0 DEOPT UNPACKING pc=0x00000295362c469c sp=0x000000bda89f9798 mode 2
Event: 43.928 Thread 0x0000029590e4d2c0 Uncommon trap: trap_request=0xffffff6e fr.pc=0x00000295369eebf8 relative=0x0000000000000578
Event: 43.928 Thread 0x0000029590e4d2c0 Uncommon trap: reason=loop_limit_check action=maybe_recompile pc=0x00000295369eebf8 method=java.util.regex.Pattern$StartS.match(Ljava/util/regex/Matcher;ILjava/lang/CharSequence;)Z @ 34 c2
Event: 43.928 Thread 0x0000029590e4d2c0 DEOPT PACKING pc=0x00000295369eebf8 sp=0x000000bda89f98b0
Event: 43.928 Thread 0x0000029590e4d2c0 DEOPT UNPACKING pc=0x00000295362c469c sp=0x000000bda89f9860 mode 2

Classes loaded (20 events):
Event: 39.268 Loading class java/io/ObjectStreamClass$1
Event: 39.268 Loading class java/io/ObjectStreamClass$1 done
Event: 39.268 Loading class java/io/ObjectStreamClass$MemberSignature
Event: 39.268 Loading class java/io/ObjectStreamClass$MemberSignature done
Event: 39.268 Loading class java/io/ObjectStreamClass$3
Event: 39.268 Loading class java/io/ObjectStreamClass$3 done
Event: 39.268 Loading class java/io/ObjectStreamClass$4
Event: 39.268 Loading class java/io/ObjectStreamClass$4 done
Event: 39.269 Loading class java/io/ObjectStreamClass$5
Event: 39.269 Loading class java/io/ObjectStreamClass$5 done
Event: 39.269 Loading class java/io/ObjectStreamClass$ClassDataSlot
Event: 39.269 Loading class java/io/ObjectStreamClass$ClassDataSlot done
Event: 39.277 Loading class java/io/SerialCallbackContext
Event: 39.277 Loading class java/io/SerialCallbackContext done
Event: 39.689 Loading class sun/nio/fs/WindowsSecurity$Privilege
Event: 39.689 Loading class sun/nio/fs/WindowsSecurity$Privilege done
Event: 40.243 Loading class java/io/ObjectStreamClass$ExceptionInfo
Event: 40.243 Loading class java/io/ObjectStreamClass$ExceptionInfo done
Event: 40.408 Loading class java/io/BufferedReader$1
Event: 40.408 Loading class java/io/BufferedReader$1 done

Classes unloaded (18 events):
Event: 24.389 Thread 0x00000295468d8cd0 Unloading class 0x0000029548618908 '_BuildScript_$_run_closure1$_closure2'
Event: 24.389 Thread 0x00000295468d8cd0 Unloading class 0x0000029548618528 '_BuildScript_$_run_closure1'
Event: 24.389 Thread 0x00000295468d8cd0 Unloading class 0x0000029548618000 '_BuildScript_'
Event: 26.667 Thread 0x00000295468d8cd0 Unloading class 0x00000295487dd350 '_BuildScript_$_run_closure1$_closure3'
Event: 26.667 Thread 0x00000295468d8cd0 Unloading class 0x00000295487dcf70 '_BuildScript_$_run_closure1$_closure2'
Event: 26.667 Thread 0x00000295468d8cd0 Unloading class 0x00000295487dcb90 '_BuildScript_$_run_closure1'
Event: 26.667 Thread 0x00000295468d8cd0 Unloading class 0x00000295487dc668 '_BuildScript_'
Event: 26.667 Thread 0x00000295468d8cd0 Unloading class 0x00000295487dc288 'KotlinCoroutineJvmDebugArgumentsProvider$_asArguments_closure1'
Event: 26.667 Thread 0x00000295468d8cd0 Unloading class 0x00000295487dc000 'KotlinCoroutineJvmDebugArgumentsProvider'
Event: 26.667 Thread 0x00000295468d8cd0 Unloading class 0x00000295487d4c00 'Properties'
Event: 26.667 Thread 0x00000295468d8cd0 Unloading class 0x00000295487d5908 '_BuildScript_$_run_closure1$_closure2'
Event: 26.667 Thread 0x00000295468d8cd0 Unloading class 0x00000295487d5528 '_BuildScript_$_run_closure1'
Event: 26.667 Thread 0x00000295468d8cd0 Unloading class 0x00000295487d5000 '_BuildScript_'
Event: 26.667 Thread 0x00000295468d8cd0 Unloading class 0x00000295487c9000 '_BuildScript_$_run_closure1$_closure2$_closure4'
Event: 26.667 Thread 0x00000295468d8cd0 Unloading class 0x00000295487c0c00 '_BuildScript_$_run_closure1$_closure2$_closure3'
Event: 26.667 Thread 0x00000295468d8cd0 Unloading class 0x00000295487c8908 '_BuildScript_$_run_closure1$_closure2'
Event: 26.667 Thread 0x00000295468d8cd0 Unloading class 0x00000295487c8528 '_BuildScript_$_run_closure1'
Event: 26.667 Thread 0x00000295468d8cd0 Unloading class 0x00000295487c8000 '_BuildScript_'

Classes redefined (0 events):
No events

Internal exceptions (20 events):
Event: 37.364 Thread 0x0000029546d6d340 Exception <a 'java/lang/NoSuchMethodError'{0x00000006c6af7a98}: 'int java.lang.invoke.DirectMethodHandle$Holder.invokeSpecial(java.lang.Object, java.lang.Object, int)'> (0x00000006c6af7a98) 
thrown [s\open\src\hotspot\share\interpreter\linkResolver.cpp, line 773]
Event: 39.194 Thread 0x0000029590e4d2c0 Exception <a 'java/lang/NoSuchMethodError'{0x00000006c8d4c258}: 'java.lang.Object java.lang.invoke.DirectMethodHandle$Holder.newInvokeSpecial(java.lang.Object, java.lang.Object, int, java.lang.Object, java.lang.Object)'> (0x00000006c8d4c258) 
thrown [s\open\src\hotspot\share\interpreter\linkResolver.cpp, line 773]
Event: 39.211 Thread 0x0000029590e4d2c0 Exception <a 'java/lang/NoSuchMethodError'{0x00000006c8e60570}: 'void java.lang.invoke.DirectMethodHandle$Holder.invokeSpecial(java.lang.Object, java.lang.Object, java.lang.Object, java.lang.Object, int, java.lang.Object, java.lang.Object)'> (0x00000006c8e60570) 
thrown [s\open\src\hotspot\share\interpreter\linkResolver.cpp, line 773]
Event: 39.249 Thread 0x0000029590e4d2c0 Exception <a 'java/lang/NoSuchMethodError'{0x00000006c88c2d08}: 'java.lang.Object java.lang.invoke.DirectMethodHandle$Holder.invokeVirtual(java.lang.Object, java.lang.Object, java.lang.Object, java.lang.Object, java.lang.Object, java.lang.Object, java.lang.Object, java.lang.Object, java.lang.Object, java.lang.Object, java.lang.Object, java.lang.Object, java.lang.Object, java.lang.Object, java.lang.Object, java.lang.Object, java.lang.Object, java.lang.Object, java.lang.Object)'> (0x00000006c88c2d08) 
thrown
Event: 39.268 Thread 0x000002958ca3c310 Exception <a 'java/lang/NoSuchMethodError'{0x00000006c89eb7f8}: static Lorg/gradle/internal/build/event/types/DefaultTaskStartedProgressEvent;.<clinit>()V> (0x00000006c89eb7f8) 
thrown [s\open\src\hotspot\share\prims\jni.cpp, line 1111]
Event: 39.269 Thread 0x000002958ca3c310 Exception <a 'java/lang/NoSuchMethodError'{0x00000006c89eeab0}: static Lorg/gradle/internal/build/event/types/AbstractProgressEvent;.<clinit>()V> (0x00000006c89eeab0) 
thrown [s\open\src\hotspot\share\prims\jni.cpp, line 1111]
Event: 39.273 Thread 0x000002958ca3c310 Exception <a 'java/lang/NoSuchMethodError'{0x00000006c89fa400}: static Lorg/gradle/internal/build/event/types/DefaultTaskDescriptor;.<clinit>()V> (0x00000006c89fa400) 
thrown [s\open\src\hotspot\share\prims\jni.cpp, line 1111]
Event: 39.275 Thread 0x000002958ca3c310 Exception <a 'java/lang/NoSuchMethodError'{0x00000006c8a000f0}: 'long java.lang.invoke.DirectMethodHandle$Holder.invokeSpecial(java.lang.Object, java.lang.Object)'> (0x00000006c8a000f0) 
thrown [s\open\src\hotspot\share\interpreter\linkResolver.cpp, line 773]
Event: 39.275 Thread 0x000002958ca3c310 Exception <a 'java/lang/NoSuchMethodError'{0x00000006c8a040b8}: 'long java.lang.invoke.Invokers$Holder.invokeExact_MT(java.lang.Object, java.lang.Object)'> (0x00000006c8a040b8) 
thrown [s\open\src\hotspot\share\interpreter\linkResolver.cpp, line 773]
Event: 39.278 Thread 0x000002958ca3c310 Exception <a 'java/lang/NoSuchMethodError'{0x00000006c8a306c0}: static Lorg/gradle/internal/operations/OperationIdentifier;.<clinit>()V> (0x00000006c8a306c0) 
thrown [s\open\src\hotspot\share\prims\jni.cpp, line 1111]
Event: 39.279 Thread 0x000002958ca3c310 Exception <a 'java/lang/NoSuchMethodError'{0x00000006c8a3c708}: static Lorg/gradle/internal/build/event/types/DefaultBinaryPluginIdentifier;.<clinit>()V> (0x00000006c8a3c708) 
thrown [s\open\src\hotspot\share\prims\jni.cpp, line 1111]
Event: 39.447 Thread 0x0000029590e4d2c0 Exception <a 'sun/nio/fs/WindowsException'{0x00000006c8a859a0}> (0x00000006c8a859a0) 
thrown [s\open\src\hotspot\share\prims\jni.cpp, line 520]
Event: 39.684 Thread 0x0000029590e4d2c0 Exception <a 'sun/nio/fs/WindowsException'{0x00000006c8bba120}> (0x00000006c8bba120) 
thrown [s\open\src\hotspot\share\prims\jni.cpp, line 520]
Event: 40.236 Thread 0x000002958ca3c310 Exception <a 'java/lang/NoSuchMethodError'{0x00000006c8510b80}: static Lorg/gradle/internal/build/event/types/DefaultTaskFinishedProgressEvent;.<clinit>()V> (0x00000006c8510b80) 
thrown [s\open\src\hotspot\share\prims\jni.cpp, line 1111]
Event: 40.240 Thread 0x000002958ca3c310 Exception <a 'java/lang/NoSuchMethodError'{0x00000006c8566250}: static Lorg/gradle/internal/build/event/types/DefaultTaskSuccessResult;.<clinit>()V> (0x00000006c8566250) 
thrown [s\open\src\hotspot\share\prims\jni.cpp, line 1111]
Event: 40.240 Thread 0x000002958ca3c310 Exception <a 'java/lang/NoSuchMethodError'{0x00000006c8567998}: static Lorg/gradle/internal/build/event/types/AbstractTaskResult;.<clinit>()V> (0x00000006c8567998) 
thrown [s\open\src\hotspot\share\prims\jni.cpp, line 1111]
Event: 40.241 Thread 0x000002958ca3c310 Exception <a 'java/lang/NoSuchMethodError'{0x00000006c85693a8}: static Lorg/gradle/internal/build/event/types/AbstractResult;.<clinit>()V> (0x00000006c85693a8) 
thrown [s\open\src\hotspot\share\prims\jni.cpp, line 1111]
Event: 40.243 Thread 0x000002958ca3c310 Exception <a 'java/lang/NoSuchMethodError'{0x00000006c85a0968}: static [Ljava/lang/Object;.<clinit>()V> (0x00000006c85a0968) 
thrown [s\open\src\hotspot\share\prims\jni.cpp, line 1111]
Event: 40.318 Thread 0x0000029590e4d2c0 Exception <a 'sun/nio/fs/WindowsException'{0x00000006c85dd660}> (0x00000006c85dd660) 
thrown [s\open\src\hotspot\share\prims\jni.cpp, line 520]
Event: 41.395 Thread 0x0000029590e4d2c0 Exception <a 'java/lang/NoSuchMethodError'{0x00000006dc5c4260}: 'void java.lang.invoke.DirectMethodHandle$Holder.invokeStatic(java.lang.Object, java.lang.Object, int, int, java.lang.Object)'> (0x00000006dc5c4260) 
thrown [s\open\src\hotspot\share\interpreter\linkResolver.cpp, line 773]

ZGC Phase Switch (0 events):
No events

VM Operations (20 events):
Event: 41.132 Executing VM operation: G1CollectForAllocation (G1 Evacuation Pause) done
Event: 41.340 Executing VM operation: G1PauseRemark
Event: 41.348 Executing VM operation: G1PauseRemark done
Event: 41.464 Executing VM operation: G1PauseCleanup
Event: 41.471 Executing VM operation: G1PauseCleanup done
Event: 42.121 Executing VM operation: G1CollectForAllocation (G1 Evacuation Pause)
Event: 42.268 Executing VM operation: G1CollectForAllocation (G1 Evacuation Pause) done
Event: 42.418 Executing VM operation: G1CollectForAllocation (G1 Evacuation Pause)
Event: 42.546 Executing VM operation: G1CollectForAllocation (G1 Evacuation Pause) done
Event: 42.644 Executing VM operation: G1CollectForAllocation (G1 Evacuation Pause)
Event: 42.717 Executing VM operation: G1CollectForAllocation (G1 Evacuation Pause) done
Event: 43.209 Executing VM operation: G1PauseRemark
Event: 43.218 Executing VM operation: G1PauseRemark done
Event: 43.372 Executing VM operation: G1PauseCleanup
Event: 43.376 Executing VM operation: G1PauseCleanup done
Event: 43.447 Executing VM operation: G1CollectForAllocation (G1 Evacuation Pause)
Event: 43.532 Executing VM operation: G1CollectForAllocation (G1 Evacuation Pause) done
Event: 43.717 Executing VM operation: G1CollectForAllocation (G1 Evacuation Pause)
Event: 43.873 Executing VM operation: G1CollectForAllocation (G1 Evacuation Pause) done
Event: 44.216 Executing VM operation: G1CollectForAllocation (G1 Evacuation Pause)

Events (20 events):
Event: 43.218 Thread 0x00000295468d8cd0 flushing nmethod 0x000002952f9d0810
Event: 43.218 Thread 0x00000295468d8cd0 flushing nmethod 0x000002952fab7b90
Event: 43.218 Thread 0x00000295468d8cd0 flushing nmethod 0x000002952fbeaf10
Event: 43.218 Thread 0x00000295468d8cd0 flushing nmethod 0x000002952fc03290
Event: 43.218 Thread 0x00000295468d8cd0 flushing nmethod 0x000002952fc03890
Event: 43.218 Thread 0x00000295468d8cd0 flushing nmethod 0x000002952fc2da90
Event: 43.218 Thread 0x00000295468d8cd0 flushing nmethod 0x000002952fc2f090
Event: 43.218 Thread 0x00000295468d8cd0 flushing nmethod 0x000002952fc2ff10
Event: 43.218 Thread 0x00000295468d8cd0 flushing nmethod 0x000002952fc49610
Event: 43.218 Thread 0x00000295468d8cd0 flushing nmethod 0x000002952fc69910
Event: 43.218 Thread 0x00000295468d8cd0 flushing nmethod 0x000002952fc6db90
Event: 43.218 Thread 0x00000295468d8cd0 flushing nmethod 0x000002952fc6e590
Event: 43.218 Thread 0x00000295468d8cd0 flushing nmethod 0x000002952fd29210
Event: 43.218 Thread 0x00000295468d8cd0 flushing nmethod 0x000002952fdb1d90
Event: 43.218 Thread 0x00000295468d8cd0 flushing nmethod 0x000002952fdb2910
Event: 43.218 Thread 0x00000295468d8cd0 flushing nmethod 0x000002952fdb3510
Event: 43.218 Thread 0x00000295468d8cd0 flushing nmethod 0x000002952fdb4710
Event: 43.218 Thread 0x00000295468d8cd0 flushing nmethod 0x000002952fdb6290
Event: 43.218 Thread 0x00000295468d8cd0 flushing nmethod 0x000002952fdb7990
Event: 43.218 Thread 0x00000295468d8cd0 flushing nmethod 0x000002952fdb8710


Dynamic libraries:
0x00007ff675430000 - 0x00007ff675440000 	C:\Program Files\Java\jdk-21\bin\java.exe
0x00007ff91ce10000 - 0x00007ff91d008000 	C:\WINDOWS\SYSTEM32\ntdll.dll
0x00007ff91ae70000 - 0x00007ff91af2f000 	C:\WINDOWS\System32\KERNEL32.DLL
0x00007ff91a5d0000 - 0x00007ff91a8c6000 	C:\WINDOWS\System32\KERNELBASE.dll
0x00007ff917d20000 - 0x00007ff917db1000 	C:\WINDOWS\SYSTEM32\apphelp.dll
0x00007ff91a9e0000 - 0x00007ff91aae0000 	C:\WINDOWS\System32\ucrtbase.dll
0x00007ff901740000 - 0x00007ff901759000 	C:\Program Files\Java\jdk-21\bin\jli.dll
0x00007ff91cc90000 - 0x00007ff91cd3f000 	C:\WINDOWS\System32\ADVAPI32.dll
0x00007ff91c9a0000 - 0x00007ff91ca3e000 	C:\WINDOWS\System32\msvcrt.dll
0x00007ff91b130000 - 0x00007ff91b1cc000 	C:\WINDOWS\System32\sechost.dll
0x00007ff91b530000 - 0x00007ff91b656000 	C:\WINDOWS\System32\RPCRT4.dll
0x00007ff91bef0000 - 0x00007ff91c08d000 	C:\WINDOWS\System32\USER32.dll
0x00007ff901720000 - 0x00007ff90173b000 	C:\Program Files\Java\jdk-21\bin\VCRUNTIME140.dll
0x00007ff90a080000 - 0x00007ff90a31a000 	C:\WINDOWS\WinSxS\amd64_microsoft.windows.common-controls_6595b64144ccf1df_6.0.19041.1110_none_60b5254171f9507e\COMCTL32.dll
0x00007ff91b8b0000 - 0x00007ff91b8dc000 	C:\WINDOWS\System32\GDI32.dll
0x00007ff91ad50000 - 0x00007ff91ae65000 	C:\WINDOWS\System32\gdi32full.dll
0x00007ff91a8d0000 - 0x00007ff91a96d000 	C:\WINDOWS\System32\msvcp_win.dll
0x00007ff91aae0000 - 0x00007ff91ab02000 	C:\WINDOWS\System32\win32u.dll
0x00007ff90a900000 - 0x00007ff90a90a000 	C:\WINDOWS\SYSTEM32\VERSION.dll
0x00007ff91cc40000 - 0x00007ff91cc70000 	C:\WINDOWS\System32\IMM32.DLL
0x00007ff9022d0000 - 0x00007ff9022dc000 	C:\Program Files\Java\jdk-21\bin\vcruntime140_1.dll
0x00007ff8edff0000 - 0x00007ff8ee07e000 	C:\Program Files\Java\jdk-21\bin\msvcp140.dll
0x00007ff8d42c0000 - 0x00007ff8d4fda000 	C:\Program Files\Java\jdk-21\bin\server\jvm.dll
0x00007ff91b0c0000 - 0x00007ff91b12b000 	C:\WINDOWS\System32\WS2_32.dll
0x00007ff91a250000 - 0x00007ff91a29b000 	C:\WINDOWS\SYSTEM32\POWRPROF.dll
0x00007ff90f7d0000 - 0x00007ff90f7f7000 	C:\WINDOWS\SYSTEM32\WINMM.dll
0x00007ff91a230000 - 0x00007ff91a242000 	C:\WINDOWS\SYSTEM32\UMPDC.dll
0x00007ff918d80000 - 0x00007ff918d92000 	C:\WINDOWS\SYSTEM32\kernel.appcore.dll
0x00007ff902010000 - 0x00007ff90201a000 	C:\Program Files\Java\jdk-21\bin\jimage.dll
0x00007ff902ee0000 - 0x00007ff9030c4000 	C:\WINDOWS\SYSTEM32\DBGHELP.DLL
0x00007ff9113b0000 - 0x00007ff9113e4000 	C:\WINDOWS\SYSTEM32\dbgcore.DLL
0x00007ff91a540000 - 0x00007ff91a5c2000 	C:\WINDOWS\System32\bcryptPrimitives.dll
0x00007ff902550000 - 0x00007ff90255f000 	C:\Program Files\Java\jdk-21\bin\instrument.dll
0x00007ff900c60000 - 0x00007ff900c7f000 	C:\Program Files\Java\jdk-21\bin\java.dll
0x00007ff91c250000 - 0x00007ff91c994000 	C:\WINDOWS\System32\SHELL32.dll
0x00007ff918580000 - 0x00007ff918d13000 	C:\WINDOWS\SYSTEM32\windows.storage.dll
0x00007ff91b1d0000 - 0x00007ff91b524000 	C:\WINDOWS\System32\combase.dll
0x00007ff919ed0000 - 0x00007ff919efe000 	C:\WINDOWS\SYSTEM32\Wldp.dll
0x00007ff91b770000 - 0x00007ff91b81d000 	C:\WINDOWS\System32\SHCORE.dll
0x00007ff91b710000 - 0x00007ff91b765000 	C:\WINDOWS\System32\shlwapi.dll
0x00007ff91a430000 - 0x00007ff91a44f000 	C:\WINDOWS\SYSTEM32\profapi.dll
0x00007ff8ebf20000 - 0x00007ff8ebff7000 	C:\Program Files\Java\jdk-21\bin\jsvml.dll
0x00007ff900a70000 - 0x00007ff900a88000 	C:\Program Files\Java\jdk-21\bin\zip.dll
0x00007ff901fb0000 - 0x00007ff901fc0000 	C:\Program Files\Java\jdk-21\bin\net.dll
0x00007ff90fec0000 - 0x00007ff90ffca000 	C:\WINDOWS\SYSTEM32\WINHTTP.dll
0x00007ff919c30000 - 0x00007ff919c9a000 	C:\WINDOWS\system32\mswsock.dll
0x00007ff900af0000 - 0x00007ff900b06000 	C:\Program Files\Java\jdk-21\bin\nio.dll
0x00007ff901ef0000 - 0x00007ff901f00000 	C:\Program Files\Java\jdk-21\bin\verify.dll
0x00007ff9029b0000 - 0x00007ff9029d7000 	C:\Users\Abhin\.gradle\native\1def1411415f61bf3af743bc5b6707747c0891f09f0c88961ee8f79bc544acac\windows-amd64\native-platform.dll
0x00007ff902020000 - 0x00007ff902098000 	C:\Users\Abhin\.gradle\native\0.2.6\x86_64-windows-gnu\gradle-fileevents.dll
0x00007ff900ce0000 - 0x00007ff900cea000 	C:\Program Files\Java\jdk-21\bin\management.dll
0x00007ff900c90000 - 0x00007ff900c9b000 	C:\Program Files\Java\jdk-21\bin\management_ext.dll
0x00007ff91cdc0000 - 0x00007ff91cdc8000 	C:\WINDOWS\System32\PSAPI.DLL
0x00007ff919920000 - 0x00007ff91995c000 	C:\WINDOWS\SYSTEM32\IPHLPAPI.DLL
0x00007ff91c240000 - 0x00007ff91c248000 	C:\WINDOWS\System32\NSI.dll
0x00007ff900c50000 - 0x00007ff900c59000 	C:\Program Files\Java\jdk-21\bin\extnet.dll
0x00007ff919e20000 - 0x00007ff919e38000 	C:\WINDOWS\SYSTEM32\CRYPTSP.dll
0x00007ff919550000 - 0x00007ff919584000 	C:\WINDOWS\system32\rsaenh.dll
0x00007ff91ab10000 - 0x00007ff91ab37000 	C:\WINDOWS\System32\bcrypt.dll
0x00007ff91a3b0000 - 0x00007ff91a3de000 	C:\WINDOWS\SYSTEM32\USERENV.dll
0x00007ff919e40000 - 0x00007ff919e4c000 	C:\WINDOWS\SYSTEM32\CRYPTBASE.dll
0x00007ff900970000 - 0x00007ff90097e000 	C:\Program Files\Java\jdk-21\bin\sunmscapi.dll
0x00007ff91ab40000 - 0x00007ff91ac9e000 	C:\WINDOWS\System32\CRYPT32.dll
0x00007ff919f40000 - 0x00007ff919f68000 	C:\WINDOWS\SYSTEM32\ncrypt.dll
0x00007ff919f00000 - 0x00007ff919f3b000 	C:\WINDOWS\SYSTEM32\NTASN1.dll
0x00007ff8dc710000 - 0x00007ff8dc717000 	C:\WINDOWS\system32\wshunix.dll
0x00007ff919960000 - 0x00007ff919a2a000 	C:\WINDOWS\SYSTEM32\DNSAPI.dll
0x00007ff90f230000 - 0x00007ff90f23a000 	C:\Windows\System32\rasadhlp.dll
0x00007ff919690000 - 0x00007ff9196c3000 	C:\WINDOWS\SYSTEM32\ntmarta.dll

dbghelp: loaded successfully - version: 4.0.5 - missing functions: none
symbol engine: initialized successfully - sym options: 0x614 - pdb path: .;C:\Program Files\Java\jdk-21\bin;C:\WINDOWS\SYSTEM32;C:\WINDOWS\WinSxS\amd64_microsoft.windows.common-controls_6595b64144ccf1df_6.0.19041.1110_none_60b5254171f9507e;C:\Program Files\Java\jdk-21\bin\server;C:\Users\Abhin\.gradle\native\1def1411415f61bf3af743bc5b6707747c0891f09f0c88961ee8f79bc544acac\windows-amd64;C:\Users\Abhin\.gradle\native\0.2.6\x86_64-windows-gnu

VM Arguments:
jvm_args: --add-opens=java.base/java.lang=ALL-UNNAMED --add-opens=java.base/java.lang.invoke=ALL-UNNAMED --add-opens=java.base/java.util=ALL-UNNAMED --add-opens=java.prefs/java.util.prefs=ALL-UNNAMED --add-exports=jdk.compiler/com.sun.tools.javac.api=ALL-UNNAMED --add-exports=jdk.compiler/com.sun.tools.javac.util=ALL-UNNAMED --add-opens=java.base/java.util=ALL-UNNAMED --add-opens=java.prefs/java.util.prefs=ALL-UNNAMED --add-opens=java.base/java.nio.charset=ALL-UNNAMED --add-opens=java.base/java.net=ALL-UNNAMED --add-opens=java.base/java.util.concurrent.atomic=ALL-UNNAMED --add-opens=java.xml/javax.xml.namespace=ALL-UNNAMED -Xmx5G -Dfile.encoding=UTF-8 -Duser.country=IN -Duser.language=en -Duser.variant -javaagent:C:\Users\Abhin\.gradle\wrapper\dists\gradle-8.12.1-bin\eumc4uhoysa37zql93vfjkxy0\gradle-8.12.1\lib\agents\gradle-instrumentation-agent-8.12.1.jar 
java_command: org.gradle.launcher.daemon.bootstrap.GradleDaemon 8.12.1
java_class_path (initial): C:\Users\Abhin\.gradle\wrapper\dists\gradle-8.12.1-bin\eumc4uhoysa37zql93vfjkxy0\gradle-8.12.1\lib\gradle-daemon-main-8.12.1.jar
Launcher Type: SUN_STANDARD

[Global flags]
     intx CICompilerCount                          = 2                                         {product} {ergonomic}
     uint ConcGCThreads                            = 1                                         {product} {ergonomic}
     uint G1ConcRefinementThreads                  = 2                                         {product} {ergonomic}
   size_t G1HeapRegionSize                         = 4194304                                   {product} {ergonomic}
    uintx GCDrainStackTargetSize                   = 64                                        {product} {ergonomic}
   size_t InitialHeapSize                          = 134217728                                 {product} {ergonomic}
   size_t MarkStackSize                            = 4194304                                   {product} {ergonomic}
   size_t MaxHeapSize                              = 5368709120                                {product} {command line}
   size_t MaxNewSize                               = 3221225472                                {product} {ergonomic}
   size_t MinHeapDeltaBytes                        = 4194304                                   {product} {ergonomic}
   size_t MinHeapSize                              = 8388608                                   {product} {ergonomic}
    uintx NonNMethodCodeHeapSize                   = 5826188                                {pd product} {ergonomic}
    uintx NonProfiledCodeHeapSize                  = 122916026                              {pd product} {ergonomic}
    uintx ProfiledCodeHeapSize                     = 122916026                              {pd product} {ergonomic}
    uintx ReservedCodeCacheSize                    = 251658240                              {pd product} {ergonomic}
     bool SegmentedCodeCache                       = true                                      {product} {ergonomic}
   size_t SoftMaxHeapSize                          = 5368709120                             {manageable} {ergonomic}
     bool UseCompressedOops                        = true                           {product lp64_product} {ergonomic}
     bool UseG1GC                                  = true                                      {product} {ergonomic}
     bool UseLargePagesIndividualAllocation        = false                                  {pd product} {ergonomic}

Logging:
Log output configuration:
 #0: stdout all=warning uptime,level,tags foldmultilines=false
 #1: stderr all=off uptime,level,tags foldmultilines=false

Environment Variables:
JAVA_HOME=C:\Program Files\Eclipse Adoptium\jdk-17.0.11.9-hotspot\
PATH=C:\Program Files\Eclipse Adoptium\jdk-17.0.11.9-hotspot\bin;C:\Program Files\Common Files\Oracle\Java\javapath;C:\Program Files (x86)\Common Files\Oracle\Java\javapath;C:\WINDOWS\system32;C:\WINDOWS;C:\WINDOWS\System32\Wbem;C:\WINDOWS\System32\WindowsPowerShell\v1.0\;C:\WINDOWS\System32\OpenSSH\;C:\Program Files\nodejs\;C:\ProgramData\chocolatey\bin;C:\Program Files\Git\cmd;C:\Program Files\dotnet\;C:\Program Files\Cloudflare\Cloudflare WARP\;C:\Users\Abhin\AppData\Local\Programs\Python\Python312\Scripts\;C:\Users\Abhin\AppData\Local\Programs\Python\Python312\;C:\Users\Abhin\AppData\Local\Microsoft\WindowsApps;C:\Users\Abhin\AppData\Roaming\npm;C:\Program Files\JetBrains\IntelliJ IDEA Community Edition 2024.2\bin;;C:\Users\Abhin\AppData\Local\Programs\Microsoft VS Code\bin;C:\Users\Abhin\flutter\bin
USERNAME=Abhinav
OS=Windows_NT
PROCESSOR_IDENTIFIER=Intel64 Family 6 Model 60 Stepping 3, GenuineIntel
TMP=C:\Users\Abhin\AppData\Local\Temp
TEMP=C:\Users\Abhin\AppData\Local\Temp




Periodic native trim disabled

---------------  S Y S T E M  ---------------

OS:
 Windows 10 , 64 bit Build 19041 (10.0.19041.3031)
OS uptime: 0 days 2:20 hours

CPU: total 2 (initial active 2) (2 cores per cpu, 1 threads per core) family 6 model 60 stepping 3 microcode 0x27, cx8, cmov, fxsr, mmx, sse, sse2, sse3, ssse3, sse4.1, sse4.2, popcnt, lzcnt, tsc, tscinvbit, erms, clmul, clflush, rdtscp
Processor Information for all 2 processors :
  Max Mhz: 3100, Current Mhz: 3100, Mhz Limit: 3100

Memory: 4k page, system-wide physical 8063M (727M free)
TotalPageFile size 9785M (AvailPageFile size 494M)
current process WorkingSet (physical memory assigned to process): 750M, peak: 754M
current process commit charge ("private bytes"): 807M, peak: 1831M

vm_info: Java HotSpot(TM) 64-Bit Server VM (21.0.6+8-LTS-188) for windows-amd64 JRE (21.0.6+8-LTS-188), built on 2024-12-03T10:50:54Z by "mach5one" with MS VC++ 17.6 (VS2022)

END.
